<?xml version="1.0" encoding="UTF-8"?>
<TestRun id="0aef06f7-914c-45dc-b39a-c6e6df7f5441" name="fornacciari_a@D22-2012-06 2016-11-14 16:27:53" runUser="VOILLAUME\fornacciari_a" xmlns="http://microsoft.com/schemas/VisualStudio/TeamTest/2010">
  <TestSettings name="Local" id="31c24f34-a090-4d27-9f36-5cda8314e81a">
    <Description>Il s'agit des paramètres de test par défaut pour une série de tests locale.</Description>
    <Deployment userDeploymentRoot="E:\SLAM4\TPCommerciaux\TestResults" useDefaultDeploymentRoot="false" enabled="false" runDeploymentRoot="fornacciari_a_D22-2012-06 2016-11-14 16_27_53">
      <DeploymentItem filename="E:\SLAM4\TPCommerciaux\bin\Debug\TPCommerciaux.exe" />
    </Deployment>
    <Execution>
      <TestTypeSpecific />
      <AgentRule name="Execution Agents">
      </AgentRule>
    </Execution>
  </TestSettings>
  <Times creation="2016-11-14T16:27:53.3476404+01:00" queuing="2016-11-14T16:27:53.3976404+01:00" start="2016-11-14T16:27:53.4076404+01:00" finish="2016-11-14T16:28:01.5236404+01:00" />
  <ResultSummary outcome="Error">
    <Counters total="1" executed="1" error="1" failed="0" timeout="0" aborted="0" inconclusive="0" passedButRunAborted="0" notRunnable="0" notExecuted="0" disconnected="0" warning="0" passed="0" completed="0" inProgress="0" pending="0" />
  </ResultSummary>
  <TestDefinitions>
    <UnitTest name="nbFraisNonRemboursesTest" storage="e:\slam4\tpcommerciaux\testcommercial\bin\debug\testcommercial.dll" id="c4a17608-08ea-bcbc-e813-8701ee7eb7d5">
      <Execution id="d36008d6-a62e-45e7-899c-db8351756fad" />
      <TestMethod codeBase="E:/SLAM4/TPCommerciaux/TestCommercial/bin/Debug/TestCommercial.DLL" adapterTypeName="Microsoft.VisualStudio.TestTools.TestTypes.Unit.UnitTestAdapter, Microsoft.VisualStudio.QualityTools.Tips.UnitTest.Adapter, Version=10.0.0.0, Culture=neutral, PublicKeyToken=b03f5f7f11d50a3a" className="TestCommercial.ServiceCommercialTest, TestCommercial, Version=1.0.0.0, Culture=neutral, PublicKeyToken=null" name="nbFraisNonRemboursesTest" />
    </UnitTest>
  </TestDefinitions>
  <TestLists>
    <TestList name="Les résultats ne figurent pas dans une liste" id="8c84fa94-04c1-424b-9868-57a2d4851a1d" />
    <TestList name="Tous les résultats chargés" id="19431567-8539-422a-85d7-44ee4e166bda" />
  </TestLists>
  <TestEntries>
    <TestEntry testId="c4a17608-08ea-bcbc-e813-8701ee7eb7d5" executionId="d36008d6-a62e-45e7-899c-db8351756fad" testListId="8c84fa94-04c1-424b-9868-57a2d4851a1d" />
  </TestEntries>
  <Results>
    <UnitTestResult executionId="d36008d6-a62e-45e7-899c-db8351756fad" testId="c4a17608-08ea-bcbc-e813-8701ee7eb7d5" testName="nbFraisNonRemboursesTest" computerName="D22-2012-06" startTime="2016-11-14T16:27:53.4456404+01:00" endTime="2016-11-14T16:28:01.5036404+01:00" testType="13cdc9d9-ddb5-4fa4-a97d-d965ccfc6d4b" testListId="8c84fa94-04c1-424b-9868-57a2d4851a1d" relativeResultsDirectory="d36008d6-a62e-45e7-899c-db8351756fad">
      <Output>
        <ErrorInfo>
          <Message>Le processus Agent s'est arrêté pendant l'exécution du test.</Message>
        </ErrorInfo>
      </Output>
    </UnitTestResult>
  </Results>
</TestRun>